\BOOKMARK [0][-]{section*.5}{\376\377\000\332\000v\000o\000d}{}% 1
\BOOKMARK [0][-]{chapter.6}{\376\377\000G\000o\000e\000r\000t\000z\000e\000l\001\157\000v\000\040\000a\000l\000g\000o\000r\000i\000t\000m\000u\000s}{}% 2
\BOOKMARK [1][-]{section.7}{\376\377\000D\000i\000s\000k\000r\000\351\000t\000n\000\355\000\040\000F\000o\000u\000r\000i\000e\000r\000o\000v\000a\000\040\001\131\000a\000d\000a}{chapter.6}% 3
\BOOKMARK [1][-]{section.9}{\376\377\000D\000i\000s\000k\000r\000\351\000t\000n\000\355\000\040\000F\000o\000u\000r\000i\000e\000r\000o\000v\000a\000\040\000t\000r\000a\000n\000s\000f\000o\000r\000m\000a\000c\000e\000\040\000-\000\040\000D\000F\000T}{chapter.6}% 4
\BOOKMARK [1][-]{section.11}{\376\377\000G\000o\000e\000r\000t\000z\000e\000l\001\157\000v\000\040\000a\000l\000g\000o\000r\000i\000t\000m\000u\000s}{chapter.6}% 5
\BOOKMARK [1][-]{section.14}{\376\377\000O\000d\000v\000o\000z\000e\000n\000\355\000\040\000G\000o\000e\000r\000t\000z\000e\000l\000o\000v\000a\000\040\000a\000l\000g\000o\000r\000i\000t\000m\000u}{chapter.6}% 6
\BOOKMARK [0][-]{chapter.26}{\376\377\000M\000o\001\176\000n\000o\000s\000t\000i\000\040\000p\000a\000r\000a\000l\000e\000l\000i\000z\000a\000c\000e}{}% 7
\BOOKMARK [1][-]{section.27}{\376\377\000R\000o\000z\000d\001\033\000l\000e\000n\000\355\000\040\000n\000a\000\040\000N\000-\001\015\000\341\000s\000t\000\355\000\040\000a\000\040\000j\000e\000j\000i\000c\000h\000\040\000p\000r\001\157\000m\001\033\000r\000o\000v\000\341\000n\000\355}{chapter.26}% 8
\BOOKMARK [1][-]{section.28}{\376\377\000V\000a\000r\000i\000a\000c\000e\000\040\000s\000t\000a\000v\000o\000v\000\351\000\040\000p\000r\000o\000m\001\033\000n\000n\000\351}{chapter.26}% 9
\BOOKMARK [1][-]{section.48}{\376\377\000M\000a\000t\000i\000c\000o\000v\000\351\000\040\000o\000p\000e\000r\000a\000c\000e}{chapter.26}% 10
\BOOKMARK [1][-]{section.54}{\376\377\000P\000o\001\015\000\355\000t\000\341\000n\000\355\000\040\000h\000o\000d\000n\000o\000t\000\040\000n\000a\000\040\000v\000\355\000c\000e\000\040\000k\000m\000i\000t\000o\001\015\000t\000e\000c\000h\000\040\000s\000o\000u\001\015\000a\000s\000n\001\033}{chapter.26}% 11
\BOOKMARK [0][-]{chapter.57}{\376\377\000P\000a\000r\000a\000l\000e\000l\000n\000\355\000\040\000v\000\375\000p\000o\001\015\000t\000y}{}% 12
\BOOKMARK [1][-]{section.58}{\376\377\000S\000\351\000r\000i\000o\000v\000\351\000\040\000v\000s\000.\000\040\000p\000a\000r\000a\000l\000e\000l\000n\000\355\000\040\000v\000\375\000p\000o\001\015\000t\000y}{chapter.57}% 13
\BOOKMARK [1][-]{section.62}{\376\377\000D\000a\000t\000o\000v\000\375\000\040\000p\000a\000r\000a\000l\000e\000l\000i\000s\000m\000u\000s\000\040\000v\000s\000.\000\040\000\372\000l\000o\000h\000o\000v\000\375\000\040\000p\000a\000r\000a\000l\000e\000l\000i\000s\000m\000u\000s}{chapter.57}% 14
\BOOKMARK [2][-]{subsection.63}{\376\377\000D\000a\000t\000o\000v\000\375\000\040\000p\000a\000r\000a\000l\000e\000l\000i\000s\000m\000u\000s}{section.62}% 15
\BOOKMARK [2][-]{subsection.64}{\376\377\000\332\000l\000o\000h\000o\000v\000\375\000\040\000p\000a\000r\000a\000l\000e\000l\000i\000s\000m\000u\000s}{section.62}% 16
\BOOKMARK [2][-]{subsection.65}{\376\377\000L\000o\000a\000d\000\040\000b\000a\000l\000a\000n\000c\000i\000n\000g}{section.62}% 17
\BOOKMARK [2][-]{subsection.66}{\376\377\000P\000i\000p\000e\000l\000i\000n\000e}{section.62}% 18
\BOOKMARK [0][-]{chapter.68}{\376\377\000P\000r\000o\000g\000r\000a\000m\000\040\000S\000o\000u\000n\000d\000A\000n\000a\000l\000y\000z\000e\000r}{}% 19
\BOOKMARK [1][-]{section.69}{\376\377\000K\000o\000n\000c\000e\000p\000c\000e\000\040\000p\000r\000o\000g\000r\000a\000m\000u}{chapter.68}% 20
\BOOKMARK [1][-]{section.70}{\376\377\000P\000o\000u\001\176\000i\000t\000\351\000\040\000k\000n\000i\000h\000o\000v\000n\000y}{chapter.68}% 21
\BOOKMARK [1][-]{section.71}{\376\377\000B\000l\000o\000k\000o\000v\000\351\000\040\000s\000c\000h\000\351\000m\000a}{chapter.68}% 22
\BOOKMARK [2][-]{subsection.73}{\376\377\000I\000n\000t\000e\000r\000\040\000t\000h\000r\000e\000a\000d\000\040\000q\000u\000e\000u\000e}{section.71}% 23
\BOOKMARK [2][-]{subsection.74}{\376\377\000O\000p\000e\000n\000C\000L\000\040\000G\000o\000e\000r\000t\000z\000e\000l}{section.71}% 24
\BOOKMARK [2][-]{subsection.77}{\376\377\000R\000e\000c\000o\000r\000d\000e\000r}{section.71}% 25
\BOOKMARK [2][-]{subsection.78}{\376\377\000F\000i\000l\000e\000\040\000I\000O}{section.71}% 26
\BOOKMARK [2][-]{subsection.79}{\376\377\000S\000t\000a\000t\000s}{section.71}% 27
\BOOKMARK [2][-]{subsection.80}{\376\377\000S\000e\000t\000t\000i\000n\000g\000s}{section.71}% 28
\BOOKMARK [2][-]{subsection.81}{\376\377\000A\000p\000p\000l\000i\000c\000a\000t\000i\000o\000n}{section.71}% 29
\BOOKMARK [1][-]{section.82}{\376\377\000L\000i\000c\000e\000n\000c\000e}{chapter.68}% 30
\BOOKMARK [0][-]{chapter.83}{\376\377\000K\000n\000i\000h\000o\000v\000n\000y\000\040\000p\000o\000u\001\176\000i\000t\000\351\000\040\000p\001\131\000i\000\040\000s\000e\000s\000t\000a\000v\000o\000v\000\341\000n\000\355\000\040\000p\000r\000o\000g\000r\000a\000m\000u\000\040\000S\000o\000u\000n\000d\000\040\000A\000n\000a\000l\000y\000z\000e\000r}{}% 31
\BOOKMARK [1][-]{section.84}{\376\377\000K\000n\000i\000h\000o\000v\000n\000a\000\040\000o\000p\000e\000n\000C\000L}{chapter.83}% 32
\BOOKMARK [2][-]{subsection.85}{\376\377\000O\000p\000e\000n\000C\000L\000\040\000f\000r\000a\000m\000e\000w\000o\000r\000k}{section.84}% 33
\BOOKMARK [2][-]{subsection.86}{\376\377\000A\000r\000c\000h\000i\000t\000e\000k\000t\000u\000r\000a\000\040\000o\000p\000e\000n\000C\000L}{section.84}% 34
\BOOKMARK [2][-]{subsection.87}{\376\377\000D\000i\000a\000g\000r\000a\000m\000\040\000t\001\131\000\355\000d}{section.84}% 35
\BOOKMARK [2][-]{subsection.89}{\376\377\000M\000o\000d\000e\000l\000\040\000p\000l\000a\000t\000f\000o\000r\000m\000y}{section.84}% 36
\BOOKMARK [2][-]{subsection.91}{\376\377\000P\000r\000o\000v\000\341\000d\001\033\000c\000\355\000\040\000m\000o\000d\000e\000l}{section.84}% 37
\BOOKMARK [2][-]{subsection.93}{\376\377\000P\000a\000m\001\033\001\145\000o\000v\000\375\000\040\000m\000o\000d\000e\000l}{section.84}% 38
\BOOKMARK [2][-]{subsection.95}{\376\377\000P\000r\000o\000g\000r\000a\000m\000o\000v\000a\000c\000\355\000\040\000m\000o\000d\000e\000l}{section.84}% 39
\BOOKMARK [2][-]{subsection.99}{\376\377\000P\000a\000m\001\033\001\145\000o\000v\000\351\000\040\000o\000b\000j\000e\000k\000t\000y}{section.84}% 40
\BOOKMARK [1][-]{section.100}{\376\377\000O\000p\000e\000n\000G\000L}{chapter.83}% 41
\BOOKMARK [2][-]{subsection.101}{\376\377\000H\000i\000s\000t\000o\000r\000i\000e\000\040\000O\000p\000e\000n\000G\000L}{section.100}% 42
\BOOKMARK [2][-]{subsection.102}{\376\377\000V\000y\000k\000r\000e\000s\000l\000o\000v\000a\000c\000\355\000\040\001\131\000e\000t\001\033\000z\000e\000c}{section.100}% 43
\BOOKMARK [1][-]{section.109}{\376\377\000O\000p\000e\000n\000A\000L}{chapter.83}% 44
\BOOKMARK [2][-]{subsection.110}{\376\377\000H\000i\000s\000t\000o\000r\000i\000e\000\040\000O\000p\000e\000n\000A\000L}{section.109}% 45
\BOOKMARK [2][-]{subsection.111}{\376\377\000S\000t\000r\000u\001\015\000n\000\375\000\040\000p\000o\000p\000i\000s}{section.109}% 46
\BOOKMARK [1][-]{section.113}{\376\377\000Q\000t}{chapter.83}% 47
\BOOKMARK [2][-]{subsection.114}{\376\377\000H\000i\000s\000t\000o\000r\000i\000e}{section.113}% 48
\BOOKMARK [2][-]{subsection.115}{\376\377\000K\000o\000n\000c\000e\000p\000t\000\040\000s\000i\000g\000n\000\341\000l\000-\000s\000l\000o\000t}{section.113}% 49
\BOOKMARK [2][-]{subsection.116}{\376\377\000Q\000M\000L}{section.113}% 50
\BOOKMARK [0][-]{chapter.117}{\376\377\000M\001\033\001\131\000e\000n\000\355\000\040\000p\001\131\000\355\000n\000o\000s\000u\000\040\000v\000y\000u\001\176\000i\000t\000\355\000\040\000g\000r\000a\000f\000i\000c\000k\000\351\000h\000o\000\040\001\015\000i\000p\000u}{}% 51
\BOOKMARK [1][-]{section.118}{\376\377\000P\000o\001\015\000e\000t\000\040\000v\000y\000u\001\176\000\355\000v\000a\000n\000\375\000c\000h\000\040\000j\000a\000d\000e\000r}{chapter.117}% 52
\BOOKMARK [1][-]{section.119}{\376\377\000P\000r\001\157\000m\001\033\000r\000n\000\341\000\040\000d\000\351\000l\000k\000a\000\040\000v\000\375\000p\000o\001\015\000t\000u\000\040\000z\000a\000\040\000p\000o\000s\000l\000e\000d\000n\000\355\000\040\000d\000o\000b\000u}{chapter.117}% 53
\BOOKMARK [1][-]{section.120}{\376\377\000M\000e\000t\000o\000d\000i\000k\000a\000\040\000m\001\033\001\131\000e\000n\000\355}{chapter.117}% 54
\BOOKMARK [1][-]{section.121}{\376\377\000P\000o\000u\001\176\000i\000t\000\351\000\040\000p\000o\001\015\000\355\000t\000a\001\015\000e}{chapter.117}% 55
\BOOKMARK [2][-]{subsection.122}{\376\377\000P\000C\0001}{section.121}% 56
\BOOKMARK [2][-]{subsection.124}{\376\377\000N\000o\000t\000e\000b\000o\000o\000k\0001}{section.121}% 57
\BOOKMARK [2][-]{subsection.126}{\376\377\000D\000a\000l\001\141\000\355\000\040\000p\000o\000d\000m\000\355\000n\000k\000y\000\040\000m\001\033\001\131\000e\000n\000\355}{section.121}% 58
\BOOKMARK [1][-]{section.127}{\376\377\000N\000a\000m\001\033\001\131\000e\000n\000\351\000\040\000h\000o\000d\000n\000o\000t\000y}{chapter.117}% 59
\BOOKMARK [2][-]{subsection.128}{\376\377\000P\000C\0001}{section.127}% 60
\BOOKMARK [2][-]{subsection.130}{\376\377\000P\000C\0001\000\040\000-\000\040\000m\001\033\001\131\000e\000n\000\355\000\040\000v\000y\000u\001\176\000i\000t\000\355\000\040\000j\000a\000d\000e\000r}{section.127}% 61
\BOOKMARK [2][-]{subsection.132}{\376\377\000N\000o\000t\000e\000b\000o\000o\000k\0001}{section.127}% 62
\BOOKMARK [1][-]{section.134}{\376\377\000S\000h\000r\000n\000u\000t\000\355}{chapter.117}% 63
\BOOKMARK [1][-]{section.135}{\376\377\000Z\000\341\000v\001\033\000r\000\040\000m\001\033\001\131\000e\000n\000\355}{chapter.117}% 64
\BOOKMARK [0][-]{chapter.136}{\376\377\000Z\000\341\000v\001\033\000r}{}% 65
\BOOKMARK [0][-]{section*.138}{\376\377\000L\000i\000t\000e\000r\000a\000t\000u\000r\000a}{}% 66
\BOOKMARK [0][-]{section*.140}{\376\377\000S\000e\000z\000n\000a\000m\000\040\000s\000y\000m\000b\000o\000l\001\157\000,\000\040\000v\000e\000l\000i\001\015\000i\000n\000\040\000a\000\040\000z\000k\000r\000a\000t\000e\000k}{}% 67
\BOOKMARK [0][-]{chapter.141}{\376\377\000U\001\176\000i\000v\000a\000t\000e\000l\000s\000k\000\375\000\040\000m\000a\000n\000u\000\341\000l\000\040\000p\000r\000o\000g\000r\000a\000m\000u\000\040\000S\000o\000u\000n\000d\000\040\000A\000n\000a\000l\000y\000z\000e\000r\000\040}{}% 68
\BOOKMARK [1][-]{section.142}{\376\377\000S\000l\000o\000v\000n\000\355\001\015\000e\000k\000\040\000p\000o\000j\000m\001\157\000\040\000u\001\176\000i\000t\000\375\000c\000h\000\040\000v\000\040\000t\000\351\000t\000o\000\040\000k\000a\000p\000i\000t\000o\000l\000e\000\040}{chapter.141}% 69
\BOOKMARK [2][-]{subsection.143}{\376\377\000F\000r\000e\000q\000u\000e\000n\000c\000y\000\040\000i\000n\000d\000e\000x\000e\000s\000\040}{section.142}% 70
\BOOKMARK [2][-]{subsection.144}{\376\377\000S\000a\000m\000p\000l\000i\000n\000g\000\040\000f\000r\000e\000q\000u\000e\000n\000c\000y\000\040}{section.142}% 71
\BOOKMARK [2][-]{subsection.145}{\376\377\000S\000c\000a\000l\000e\000\040}{section.142}% 72
\BOOKMARK [2][-]{subsection.146}{\376\377\000S\000e\000g\000m\000e\000n\000t\000\040\000l\000e\000n\000g\000t\000h\000\040}{section.142}% 73
\BOOKMARK [2][-]{subsection.147}{\376\377\000S\000e\000g\000m\000e\000n\000t\000\040\000o\000v\000e\000r\000l\000a\000p\000\040}{section.142}% 74
\BOOKMARK [1][-]{section.148}{\376\377\000O\000k\000n\000o\000\040\000a\000p\000l\000i\000k\000a\000c\000e\000\040}{chapter.141}% 75
\BOOKMARK [1][-]{section.150}{\376\377\000H\000o\000r\000n\000\355\000\040\000g\000r\000a\000f\000\040}{chapter.141}% 76
\BOOKMARK [1][-]{section.151}{\376\377\000D\000o\000l\000n\000\355\000\040\000g\000r\000a\000f\000\040}{chapter.141}% 77
\BOOKMARK [1][-]{section.152}{\376\377\000H\000o\000r\000n\000\355\000\040\000a\000\040\000d\000o\000l\000n\000\355\000\040\000p\000r\000a\000v\000\355\000t\000k\000o\000\040}{chapter.141}% 78
\BOOKMARK [1][-]{section.153}{\376\377\001\014\000a\000s\000o\000v\000\351\000\040\000p\000r\000a\000v\000\355\000t\000k\000o\000\040}{chapter.141}% 79
\BOOKMARK [1][-]{section.154}{\376\377\000P\000o\000l\000e\000\040\000z\000o\000b\000r\000a\000z\000e\000n\000\355\000\040}{chapter.141}% 80
\BOOKMARK [2][-]{subsection.155}{\376\377\000T\000i\000m\000e\000l\000i\000n\000e\000\040}{section.154}% 81
\BOOKMARK [2][-]{subsection.156}{\376\377\000G\000o\000e\000r\000t\000z\000e\000l\000\040}{section.154}% 82
\BOOKMARK [2][-]{subsection.157}{\376\377\000O\000n\000e\000S\000h\000o\000t\000\040}{section.154}% 83
\BOOKMARK [1][-]{section.158}{\376\377\000N\000a\000v\000i\000g\000a\001\015\000n\000\355\000\040\000p\000o\000l\000e\000\040}{chapter.141}% 84
\BOOKMARK [2][-]{subsection.159}{\376\377\000T\000l\000a\001\015\000\355\000t\000k\000o\000\040\000F\000i\000l\000e\000\040}{section.158}% 85
\BOOKMARK [2][-]{subsection.160}{\376\377\000T\000l\000a\001\015\000\355\000t\000k\000o\000\040\000O\000p\000t\000i\000o\000n\000s\000\040}{section.158}% 86
\BOOKMARK [2][-]{subsection.161}{\376\377\000J\000m\000\351\000n\000o\000\040\000s\000o\000u\000b\000o\000r\000u\000\040\000p\000r\000o\000\040\000z\000\341\000p\000i\000s\000/\001\015\000t\000e\000n\000\355\000\040}{section.158}% 87
\BOOKMARK [2][-]{subsection.162}{\376\377\000T\000l\000a\001\015\000\355\000t\000k\000o\000\040\000S\000t\000a\000r\000t\000\040}{section.158}% 88
\BOOKMARK [2][-]{subsection.163}{\376\377\000T\000l\000a\001\015\000\355\000t\000k\000o\000\040\000P\000a\000u\000s\000e\000\040}{section.158}% 89
\BOOKMARK [2][-]{subsection.164}{\376\377\000P\000o\001\015\000e\000t\000\040\000j\000a\000d\000e\000r\000\040\000p\000o\000u\001\176\000i\000t\000\375\000c\000h\000\040\000p\001\131\000i\000\040\000v\000\375\000p\000o\001\015\000t\000e\000c\000h\000\040}{section.158}% 90
\BOOKMARK [2][-]{subsection.165}{\376\377\000P\000r\001\157\000m\001\033\000r\000n\000\375\000\040\001\015\000a\000s\000\040\000v\000\375\000p\000o\001\015\000t\000u\000\040\000s\000p\000e\000k\000t\000r\000a\000\040}{section.158}% 91
\BOOKMARK [2][-]{subsection.166}{\376\377\000P\000r\001\157\000m\001\033\000r\000n\000\341\000\040\000f\000r\000e\000k\000v\000e\000n\000c\000e\000\040\000v\000\375\000p\000o\001\015\000t\000u\000\040\000s\000p\000e\000k\000t\000r\000a\000\040}{section.158}% 92
\BOOKMARK [2][-]{subsection.167}{\376\377\000P\000r\001\157\000m\001\033\000r\000n\000\341\000\040\000v\000z\000o\000r\000k\000o\000v\000a\000c\000\355\000\040\000f\000r\000e\000k\000v\000e\000n\000c\000e\000\040}{section.158}% 93
\BOOKMARK [1][-]{section.168}{\376\377\000K\000l\000\341\000v\000e\000s\000o\000v\000\351\000\040\000z\000k\000r\000a\000t\000k\000y\000\040}{chapter.141}% 94
\BOOKMARK [1][-]{section.169}{\376\377\000D\000i\000a\000l\000o\000g\000\040\000n\000a\000s\000t\000a\000v\000e\000n\000\355\000\040}{chapter.141}% 95
\BOOKMARK [2][-]{subsection.170}{\376\377\000K\000a\000r\000t\000a\000\040\000G\000e\000n\000e\000r\000a\000l\000\040}{section.169}% 96
\BOOKMARK [2][-]{subsection.171}{\376\377\000K\000a\000r\000t\000a\000\040\000R\000e\000c\000o\000r\000d\000e\000r\000\040}{section.169}% 97
\BOOKMARK [2][-]{subsection.172}{\376\377\000K\000a\000r\000t\000a\000\040\000G\000o\000e\000r\000t\000z\000e\000l\000\040}{section.169}% 98
\BOOKMARK [1][-]{section.173}{\376\377\000P\001\131\000\355\000k\000l\000a\000d\000\040\000p\000o\000u\001\176\000i\000t\000\355\000\040}{chapter.141}% 99
\BOOKMARK [0][-]{chapter.174}{\376\377\000I\000n\000s\000t\000a\000l\000a\000c\000e\000\040\000p\000r\000o\000j\000e\000k\000t\000u\000\040\000-\000\040\000s\000p\000u\001\141\000t\001\033\000n\000\355\000\040\000a\000p\000l\000i\000k\000a\000c\000e\000\040}{}% 100
\BOOKMARK [1][-]{section.175}{\376\377\000G\000P\000U\000\040\000A\000M\000D\000\040}{chapter.174}% 101
\BOOKMARK [1][-]{section.176}{\376\377\000G\000P\000U\000\040\000N\000V\000i\000d\000i\000a\000\040}{chapter.174}% 102
\BOOKMARK [0][-]{chapter.177}{\376\377\000I\000n\000s\000t\000a\000l\000a\000c\000e\000\040\000p\000r\000o\000j\000e\000k\000t\000u\000\040\000-\000\040\000p\000o\000k\000r\000a\001\015\000o\000v\000\341\000n\000\355\000\040\000v\000e\000\040\000v\000\375\000v\000o\000j\000i\000\040}{}% 103
\BOOKMARK [1][-]{section.178}{\376\377\000I\000n\000s\000t\000a\000l\000a\000c\000e\000\040\000G\000N\000U\000\040\000C\000+\000+\000\040}{chapter.177}% 104
\BOOKMARK [1][-]{section.179}{\376\377\000V\000e\000r\000z\000o\000v\000a\000c\000\355\000\040\000s\000y\000s\000t\000\351\000m\000\040\000G\000i\000t\000\040}{chapter.177}% 105
\BOOKMARK [1][-]{section.180}{\376\377\000Q\000t\000\040\000C\000r\000e\000a\000t\000o\000r\000\040}{chapter.177}% 106
\BOOKMARK [1][-]{section.181}{\376\377\000O\000p\000e\000n\000G\000L\000\040}{chapter.177}% 107
\BOOKMARK [1][-]{section.182}{\376\377\000O\000p\000e\000n\000A\000L\000\040}{chapter.177}% 108
\BOOKMARK [1][-]{section.183}{\376\377\000O\000p\000e\000n\000C\000L\000\040}{chapter.177}% 109
\BOOKMARK [0][-]{chapter.184}{\376\377\000S\000l\000o\000v\000n\000\355\001\015\000e\000k\000\040\000p\000o\000j\000m\001\157\000\040\000k\000n\000i\000h\000o\000v\000n\000y\000\040\000O\000p\000e\000n\000C\000L\000\040}{}% 110
\BOOKMARK [1][-]{section.185}{\376\377\000A\000p\000p\000l\000i\000c\000a\000t\000i\000o\000n\000\040\040\023\000\040\000A\000p\000l\000i\000k\000a\000c\000e\000\040}{chapter.184}% 111
\BOOKMARK [1][-]{section.186}{\376\377\000B\000l\000o\000c\000k\000i\000n\000g\000\040\000a\000\040\000N\000o\000n\000-\000B\000l\000o\000c\000k\000i\000n\000g\000\040\000E\000n\000q\000u\000e\000u\000e\000\040\000A\000P\000I\000\040\000c\000a\000l\000l\000s\000\040\040\023\000\040\000B\000l\000o\000k\000u\000j\000\355\000c\000\355\000\040\000a\000\040\000n\000e\000b\000l\000o\000k\000u\000j\000\355\000c\000\355\000\040\000p\001\131\000\355\000k\000a\000z\000y\000\040\000\040}{chapter.184}% 112
\BOOKMARK [1][-]{section.187}{\376\377\000B\000a\000r\000r\000i\000e\000r\000\040\040\023\000\040\000B\000a\000r\000i\000\351\000r\000a\000\040}{chapter.184}% 113
\BOOKMARK [1][-]{section.188}{\376\377\000B\000u\000f\000f\000e\000r\000\040\000o\000b\000j\000e\000c\000t\000\040\040\023\000\040\000B\000u\000f\000f\000e\000r\000\040}{chapter.184}% 114
\BOOKMARK [1][-]{section.189}{\376\377\000B\000u\000i\000l\000t\000-\000i\000n\000\040\000k\000e\000r\000n\000e\000l\000\040\040\023\000\040\000V\000e\000s\000t\000a\000v\001\033\000n\000\351\000\040\000j\000\341\000d\000r\000o\000\040}{chapter.184}% 115
\BOOKMARK [1][-]{section.190}{\376\377\000C\000o\000m\000m\000a\000n\000d\000\040\040\023\000\040\000P\001\131\000\355\000k\000a\000z\000\040}{chapter.184}% 116
\BOOKMARK [1][-]{section.191}{\376\377\000C\000o\000m\000m\000a\000n\000d\000\040\000Q\000u\000e\000u\000e\000\040\040\023\000\040\000F\000r\000o\000n\000t\000a\000\040\000p\001\131\000\355\000k\000a\000z\001\157\000\040}{chapter.184}% 117
\BOOKMARK [1][-]{section.192}{\376\377\000C\000o\000m\000m\000a\000n\000d\000\040\000Q\000u\000e\000u\000e\000\040\000B\000a\000r\000r\000i\000e\000r\000\040\040\023\000\040\000B\000a\000r\000i\000\351\000r\000a\000\040\000f\000r\000o\000n\000t\000y\000\040\000p\001\131\000\355\000k\000a\000z\001\157\000\040}{chapter.184}% 118
\BOOKMARK [1][-]{section.193}{\376\377\000C\000o\000m\000p\000u\000t\000e\000\040\000d\000e\000v\000i\000c\000e\000\040\000m\000e\000m\000o\000r\000y\000\040\040\023\000\040\000P\000a\000m\001\033\001\145\000\040\000v\000\375\000p\000o\001\015\000e\000t\000n\000\355\000h\000o\000\040\000z\000a\001\131\000\355\000z\000e\000n\000\355\000\040}{chapter.184}% 119
\BOOKMARK [1][-]{section.194}{\376\377\000C\000o\000m\000p\000u\000t\000e\000\040\000u\000n\000i\000t\000\040\040\023\000\040\000V\000\375\000p\000o\001\015\000e\000t\000n\000\355\000h\000o\000\040\000j\000e\000d\000n\000o\000t\000k\000a\000\040}{chapter.184}% 120
\BOOKMARK [1][-]{section.195}{\376\377\000C\000o\000n\000c\000u\000r\000r\000e\000n\000c\000y\000\040\040\023\000\040\000S\000o\000u\000b\001\033\001\176\000n\000o\000s\000t\000\040}{chapter.184}% 121
\BOOKMARK [1][-]{section.196}{\376\377\000C\000o\000n\000s\000t\000a\000n\000t\000\040\000m\000e\000m\000o\000r\000y\000\040\040\023\000\040\000P\000a\000m\001\033\001\145\000\040\000k\000o\000n\000s\000t\000a\000n\000t\000\040}{chapter.184}% 122
\BOOKMARK [1][-]{section.197}{\376\377\000C\000o\000n\000t\000e\000x\000t\000\040\040\023\000\040\000K\000o\000n\000t\000e\000x\000t\000\040}{chapter.184}% 123
\BOOKMARK [1][-]{section.198}{\376\377\000C\000u\000s\000t\000o\000m\000\040\000d\000e\000v\000i\000c\000e\000\040\040\023\000\040\000S\000p\000e\000c\000i\000\341\000l\000n\000\355\000\040\000z\000a\001\131\000\355\000z\000e\000n\000\355\000\040}{chapter.184}% 124
\BOOKMARK [1][-]{section.199}{\376\377\000D\000a\000t\000a\000\040\000p\000a\000r\000a\000l\000l\000e\000l\000\040\000p\000r\000o\000g\000r\000a\000m\000m\000i\000n\000g\000\040\000m\000o\000d\000e\000l\000\040\040\023\000\040\000D\000a\000t\000o\000v\000\375\000\040\000p\000a\000r\000a\000l\000e\000l\000n\000\355\000\040\000p\000r\000o\000g\000r\000a\000m\000o\000v\000a\000c\000\355\000\040\000m\000o\000d\000e\000l\000\040}{chapter.184}% 125
\BOOKMARK [1][-]{section.200}{\376\377\000D\000e\000v\000i\000c\000e\000\040\040\023\000\040\000Z\000a\001\131\000\355\000z\000e\000n\000\355\000\040}{chapter.184}% 126
\BOOKMARK [1][-]{section.201}{\376\377\000E\000v\000e\000n\000t\000\040\000o\000b\000j\000e\000c\000t\000\040\040\023\000\040\000O\000b\000j\000e\000k\000t\000\040\000u\000d\000\341\000l\000o\000s\000t\000i\000\040}{chapter.184}% 127
\BOOKMARK [1][-]{section.202}{\376\377\000E\000v\000e\000n\000t\000\040\000w\000a\000i\000t\000\040\000l\000i\000s\000t\000\040\040\023\000\040\000S\000e\000z\000n\000a\000m\000\040\001\015\000e\000k\000a\000j\000\355\000c\000\355\000c\000h\000\040\000u\000d\000\341\000l\000o\000s\000t\000\355\000\040}{chapter.184}% 128
\BOOKMARK [1][-]{section.203}{\376\377\000F\000r\000a\000m\000e\000w\000o\000r\000k\000\040\040\023\000\040\000F\000r\000a\000m\000e\000w\000o\000r\000k\000\040}{chapter.184}% 129
\BOOKMARK [1][-]{section.204}{\376\377\000G\000l\000o\000b\000a\000l\000\040\000I\000D\000\040\040\023\000\040\000G\000l\000o\000b\000\341\000l\000n\000\355\000\040\000I\000D\000\040}{chapter.184}% 130
\BOOKMARK [1][-]{section.205}{\376\377\000G\000l\000o\000b\000a\000l\000\040\000m\000e\000m\000o\000r\000y\000\040\040\023\000\040\000G\000l\000o\000b\000\341\000l\000n\000\355\000\040\000p\000a\000m\001\033\001\145\000\040}{chapter.184}% 131
\BOOKMARK [1][-]{section.206}{\376\377\000G\000L\000\040\000s\000h\000a\000r\000e\000\040\000g\000r\000o\000u\000p\000\040\040\023\000\040\000S\000d\000\355\000l\000e\000n\000\341\000\040\000G\000L\000\040\000s\000k\000u\000p\000i\000n\000a\000\040}{chapter.184}% 132
\BOOKMARK [1][-]{section.207}{\376\377\000H\000a\000n\000d\000l\000e\000\040\040\023\000\040\000R\000u\000k\000o\000j\000e\001\145\000\040}{chapter.184}% 133
\BOOKMARK [1][-]{section.208}{\376\377\000H\000o\000s\000t\000\040\040\023\000\040\000H\000o\000s\000t\000i\000t\000e\000l\000\040}{chapter.184}% 134
\BOOKMARK [1][-]{section.209}{\376\377\000H\000o\000s\000t\000\040\000p\000o\000i\000n\000t\000e\000r\000\040\040\023\000\040\000U\000k\000a\000z\000a\000t\000e\000l\000\040\000h\000o\000s\000t\000i\000t\000e\000l\000e\000\040}{chapter.184}% 135
\BOOKMARK [1][-]{section.210}{\376\377\000I\000l\000l\000e\000g\000a\000l\000\040\040\023\000\040\000N\000e\000d\000o\000v\000o\000l\000e\000n\000\375\000\040}{chapter.184}% 136
\BOOKMARK [1][-]{section.211}{\376\377\000I\000m\000a\000g\000e\000\040\000o\000b\000j\000e\000c\000t\000\040\040\023\000\040\000O\000b\000r\000\341\000z\000e\000k\000\040}{chapter.184}% 137
\BOOKMARK [1][-]{section.212}{\376\377\000I\000m\000p\000l\000e\000m\000e\000n\000t\000a\000t\000i\000o\000n\000\040\000d\000e\000f\000i\000n\000e\000d\000\040\040\023\000\040\000I\000m\000p\000l\000e\000m\000e\000n\000t\000a\001\015\000n\001\033\000\040\000z\000\341\000v\000i\000s\000l\000\351\000\040}{chapter.184}% 138
\BOOKMARK [1][-]{section.213}{\376\377\000I\000n\000-\000o\000r\000d\000e\000r\000\040\000e\000x\000e\000c\000u\000t\000i\000o\000n\000\040\040\023\000\040\000P\000r\000o\000v\000\341\000d\001\033\000n\000\355\000\040\000v\000\040\000p\000o\001\131\000a\000d\000\355\000\040}{chapter.184}% 139
\BOOKMARK [1][-]{section.214}{\376\377\000K\000e\000r\000n\000e\000l\000\040\040\023\000\040\000J\000\341\000d\000r\000o\000\040}{chapter.184}% 140
\BOOKMARK [1][-]{section.215}{\376\377\000K\000e\000r\000n\000e\000l\000\040\000o\000b\000j\000e\000c\000t\000\040\040\023\000\040\000O\000b\000j\000e\000k\000t\000\040\000j\000\341\000d\000r\000a\000\040}{chapter.184}% 141
\BOOKMARK [1][-]{section.216}{\376\377\000L\000o\000c\000a\000l\000\040\000I\000D\000\040\040\023\000\040\000L\000o\000k\000\341\000l\000n\000\355\000\040\000I\000D\000\040}{chapter.184}% 142
\BOOKMARK [1][-]{section.217}{\376\377\000L\000o\000c\000a\000l\000\040\000m\000e\000m\000o\000r\000y\000\040\040\023\000\040\000L\000o\000k\000\341\000l\000n\000\355\000\040\000p\000a\000m\001\033\001\145\000\040}{chapter.184}% 143
\BOOKMARK [1][-]{section.218}{\376\377\000M\000a\000r\000k\000e\000r\000\040\040\023\000\040\000Z\000n\000a\001\015\000k\000a\000\040}{chapter.184}% 144
\BOOKMARK [1][-]{section.219}{\376\377\000M\000e\000m\000o\000r\000y\000\040\000o\000b\000j\000e\000c\000t\000s\000\040\040\023\000\040\000P\000a\000m\001\033\001\145\000o\000v\000\351\000\040\000o\000b\000j\000e\000k\000t\000y\000\040}{chapter.184}% 145
\BOOKMARK [1][-]{section.220}{\376\377\000M\000e\000m\000o\000r\000y\000\040\000r\000e\000g\000i\000o\000n\000s\000\040\000\050\000p\000o\000o\000l\000s\000\051\000\040\040\023\000\040\000P\000a\000m\001\033\001\145\000o\000v\000\351\000\040\000o\000b\000l\000a\000s\000t\000i\000\040}{chapter.184}% 146
\BOOKMARK [1][-]{section.221}{\376\377\000O\000b\000j\000e\000c\000t\000\040\040\023\000\040\000O\000b\000j\000e\000k\000t\000\040}{chapter.184}% 147
\BOOKMARK [1][-]{section.222}{\376\377\000O\000u\000t\000-\000o\000f\000-\000o\000r\000d\000e\000r\000\040\000e\000x\000e\000c\000u\000t\000i\000o\000n\000\040\040\023\000\040\000P\000r\000o\000v\000\341\000d\001\033\000n\000\355\000\040\000m\000i\000m\000o\000\040\000p\000o\001\131\000a\000d\000\355\000\040}{chapter.184}% 148
\BOOKMARK [1][-]{section.223}{\376\377\000P\000a\000r\000e\000n\000t\000\040\000d\000e\000v\000i\000c\000e\000\040\040\023\000\040\000R\000o\000d\000i\001\015\000o\000v\000s\000k\000\351\000\040\000z\000a\001\131\000\355\000z\000e\000n\000\355\000\040}{chapter.184}% 149
\BOOKMARK [1][-]{section.224}{\376\377\000P\000l\000a\000t\000f\000o\000r\000m\000\040\040\023\000\040\000P\000l\000a\000t\000f\000o\000r\000m\000a\000\040}{chapter.184}% 150
\BOOKMARK [1][-]{section.225}{\376\377\000P\000r\000i\000v\000a\000t\000e\000\040\000m\000e\000m\000o\000r\000y\000\040\040\023\000\040\000S\000o\000u\000k\000r\000o\000m\000\341\000\040\000p\000a\000m\001\033\001\145\000\040}{chapter.184}% 151
\BOOKMARK [1][-]{section.226}{\376\377\000P\000r\000o\000c\000e\000s\000s\000i\000n\000g\000\040\000e\000l\000e\000m\000e\000n\000t\000\040\040\023\000\040\000Z\000p\000r\000a\000c\000u\000j\000\355\000c\000\355\000\040\000j\000e\000d\000n\000o\000t\000k\000a\000\040}{chapter.184}% 152
\BOOKMARK [1][-]{section.227}{\376\377\000P\000r\000o\000g\000r\000a\000m\000\040\040\023\000\040\000P\000r\000o\000g\000r\000a\000m\000\040}{chapter.184}% 153
\BOOKMARK [1][-]{section.228}{\376\377\000P\000r\000o\000g\000r\000a\000m\000\040\000o\000b\000j\000e\000c\000t\000\040\040\023\000\040\000P\000r\000o\000g\000r\000a\000m\000o\000v\000\375\000\040\000o\000b\000j\000e\000k\000t\000\040}{chapter.184}% 154
\BOOKMARK [1][-]{section.229}{\376\377\000R\000e\000f\000e\000r\000e\000n\000c\000e\000\040\000c\000o\000u\000n\000t\000\040\040\023\000\040\000P\000o\001\015\000\355\000t\000a\000d\000l\000o\000\040\000o\000d\000k\000a\000z\001\157\000\040}{chapter.184}% 155
\BOOKMARK [1][-]{section.230}{\376\377\000R\000e\000l\000a\000x\000e\000d\000\040\000c\000o\000n\000s\000i\000s\000t\000e\000n\000c\000y\000\040\040\023\000\040\000R\000o\000z\000v\000o\000l\000n\001\033\000n\000\341\000\040\000s\000o\000u\000d\000r\001\176\000n\000o\000s\000t\000\040}{chapter.184}% 156
\BOOKMARK [1][-]{section.231}{\376\377\000R\000e\000s\000o\000u\000r\000c\000e\000\040\040\023\000\040\000Z\000d\000r\000o\000j\000\040}{chapter.184}% 157
\BOOKMARK [1][-]{section.232}{\376\377\000R\000e\000t\000a\000i\000n\000,\000\040\000r\000e\000l\000e\000a\000s\000e\000\040\040\023\000\040\000P\001\131\000i\000v\000l\000a\000s\000t\000n\000i\000,\000\040\000u\000v\000o\000l\000n\000i\000\040}{chapter.184}% 158
\BOOKMARK [1][-]{section.233}{\376\377\000R\000o\000o\000t\000\040\000d\000e\000v\000i\000c\000e\000\040\040\023\000\040\000K\000o\001\131\000e\000n\000o\000v\000\351\000\040\000z\000a\001\131\000\355\000z\000e\000n\000\355\000\040}{chapter.184}% 159
\BOOKMARK [1][-]{section.234}{\376\377\000S\000a\000m\000p\000l\000e\000r\000\040\040\023\000\040\000V\000z\000o\000r\000k\000o\000v\000a\001\015\000\040}{chapter.184}% 160
\BOOKMARK [1][-]{section.235}{\376\377\000S\000I\000M\000D\000:\000S\000i\000n\000g\000l\000e\000\040\000i\000n\000s\000t\000r\000u\000c\000t\000i\000o\000n\000\040\000m\000u\000l\000t\000i\000p\000l\000e\000\040\000d\000a\000t\000a\000\040\040\023\000\040\000S\000I\000M\000D\000\040}{chapter.184}% 161
\BOOKMARK [1][-]{section.236}{\376\377\000S\000P\000M\000D\000:\000\040\000S\000i\000n\000g\000l\000e\000\040\000p\000r\000o\000g\000r\000a\000m\000\040\000m\000u\000l\000t\000i\000p\000l\000e\000\040\000d\000a\000t\000a\000\040\040\023\000\040\000S\000P\000M\000D\000\040}{chapter.184}% 162
\BOOKMARK [1][-]{section.237}{\376\377\000S\000u\000b\000-\000d\000e\000v\000i\000c\000e\000\040\040\023\000\040\000S\000u\000b\000z\000a\001\131\000\355\000z\000e\000n\000\355\000\040}{chapter.184}% 163
\BOOKMARK [1][-]{section.238}{\376\377\000T\000a\000s\000k\000\040\000p\000a\000r\000a\000l\000l\000e\000l\000\040\000p\000r\000o\000g\000r\000a\000m\000m\000i\000n\000g\000\040\000m\000o\000d\000e\000l\000\040\040\023\000\040\000P\000a\000r\000a\000l\000e\000l\000n\001\033\000\040\000\372\000l\000o\000h\000o\000v\000\375\000\040\000p\000r\000o\000g\000r\000a\000m\000o\000v\000a\000c\000\355\000\040\000m\000o\000d\000e\000l\000\040}{chapter.184}% 164
\BOOKMARK [1][-]{section.239}{\376\377\000T\000h\000r\000e\000a\000d\000-\000s\000a\000f\000e\000\040\040\023\000\040\000V\000l\000\341\000k\000n\000o\000v\001\033\000\040\000b\000e\000z\000p\000e\001\015\000n\000\351\000\040}{chapter.184}% 165
\BOOKMARK [1][-]{section.240}{\376\377\000U\000n\000d\000e\000f\000i\000n\000e\000d\000\040\040\023\000\040\000N\000e\000d\000e\000f\000i\000n\000o\000v\000\341\000n\000o\000\040}{chapter.184}% 166
\BOOKMARK [1][-]{section.241}{\376\377\000W\000o\000r\000k\000\040\000g\000r\000o\000u\000p\000\040\040\023\000\040\000P\000r\000a\000c\000o\000v\000n\000\355\000\040\000s\000k\000u\000p\000i\000n\000a\000\040}{chapter.184}% 167
\BOOKMARK [1][-]{section.242}{\376\377\000W\000o\000r\000k\000\040\000g\000r\000o\000u\000p\000\040\000b\000a\000r\000r\000i\000e\000r\000\040\040\023\000\040\000B\000a\000r\000i\000\351\000r\000a\000\040\000p\000r\000a\000c\000o\000v\000n\000\355\000\040\000s\000k\000u\000p\000i\000n\000y\000\040}{chapter.184}% 168
\BOOKMARK [1][-]{section.243}{\376\377\000W\000o\000r\000k\000-\000I\000t\000e\000m\000\040\040\023\000\040\000P\000r\000a\000c\000o\000v\000n\000\355\000\040\000p\000o\000l\000o\001\176\000k\000a\000\040}{chapter.184}% 169
